<?xml version="1.0" encoding="UTF-8"?>
<!-- Generated by org.testng.reporters.JUnitXMLReporter -->
<testsuite hostname="BHUIVL381850D" ignored="4" name="Default test" tests="1" failures="0" timestamp="19 Jun 2018 07:01:11 GMT" time="33.314" errors="0">
  <testcase name="verifyTypeOfdataTest" time="0.086" classname="com.crm.qa.testCases.ContactPageTest"/>
  <testcase name="verifyContactspageLabelTest" time="0.0" classname="com.crm.qa.testCases.ContactPageTest">
    <ignored/>
  </testcase> <!-- verifyContactspageLabelTest -->
  <testcase name="SelectContactsTest" time="0.0" classname="com.crm.qa.testCases.ContactPageTest">
    <ignored/>
  </testcase> <!-- SelectContactsTest -->
  <testcase name="validateCreateNewContactTest" time="0.0" classname="com.crm.qa.testCases.ContactPageTest">
    <ignored/>
  </testcase> <!-- validateCreateNewContactTest -->
  <testcase name="validateCreatenewContactTest" time="0.0" classname="com.crm.qa.testCases.ContactPageTest">
    <ignored/>
  </testcase> <!-- validateCreatenewContactTest -->
</testsuite> <!-- Default test -->
